{"name": "test_002", "status": "failed", "statusDetails": {"message": "AssertionError: assert 1 == 2", "trace": "self = <test_homepage.TestCase001 object at 0x109adab00>\n\n    @pytest.mark.webtest\n    @allure.story('打开首页')\n    @allure.severity(\"normal\")\n    def test_002(self):\n        pass\n>       assert 1 == 2\nE       assert 1 == 2\n\ncases/test_homepage.py:28: AssertionError"}, "start": 1681093526164, "stop": 1681093526168, "uuid": "bcd4b18f-d633-4fcd-ba87-d10ce3404eab", "historyId": "7ce02a0aadf5f930197c0775610022ae", "testCaseId": "7021f77fda36b8e8f5153fb341965af3", "fullName": "cases.test_homepage.TestCase001#test_002", "labels": [{"name": "story", "value": "打开首页"}, {"name": "feature", "value": "首页测试1"}, {"name": "severity", "value": "normal"}, {"name": "tag", "value": "webtest"}, {"name": "parentSuite", "value": "cases"}, {"name": "suite", "value": "test_homepage"}, {"name": "subSuite", "value": "TestCase001"}, {"name": "host", "value": "lunadeMacBook-Pro.local"}, {"name": "thread", "value": "96569-MainThread"}, {"name": "framework", "value": "pytest"}, {"name": "language", "value": "cpython3"}, {"name": "package", "value": "cases.test_homepage"}]}