{"name": "test004", "status": "failed", "statusDetails": {"message": "AssertionError: assert 1 == 2", "trace": "self = <test_homepage.TestCase001 object at 0x109adae30>\n\n    @pytest.mark.smoke\n    @allure.story('首页测试4')\n    @allure.severity(\"normal\")\n    def test004(self):\n        pass\n>       assert 1 == 2\nE       assert 1 == 2\n\ncases/test_homepage.py:43: AssertionError"}, "start": 1681093526208, "stop": 1681093526208, "uuid": "ef819547-5917-42d6-b6c5-45a8ded7165b", "historyId": "aad7ae7774b55daa8b5ef0ed84476c6c", "testCaseId": "24423615b5c605d5a7cf3cfed47d14b3", "fullName": "cases.test_homepage.TestCase001#test004", "labels": [{"name": "feature", "value": "首页测试1"}, {"name": "severity", "value": "normal"}, {"name": "story", "value": "首页测试4"}, {"name": "tag", "value": "smoke"}, {"name": "parentSuite", "value": "cases"}, {"name": "suite", "value": "test_homepage"}, {"name": "subSuite", "value": "TestCase001"}, {"name": "host", "value": "lunadeMacBook-Pro.local"}, {"name": "thread", "value": "96569-MainThread"}, {"name": "framework", "value": "pytest"}, {"name": "language", "value": "cpython3"}, {"name": "package", "value": "cases.test_homepage"}]}